<?xml version="1.0" encoding="UTF-8"?>
<!-- Generated by org.testng.reporters.JUnitReportReporter -->
<testsuite skipped="0" hostname="Tyss-4F-Prasanna" name="com.sample.LunchBrowser" tests="1" failures="0" timestamp="08 Oct 2018 10:35:04 GMT" time="54.037" errors="0">
  <testcase name="lunchapp" time="54.037" classname="com.sample.LunchBrowser"/>
</testsuite> <!-- com.sample.LunchBrowser -->
