<?xml version="1.0" encoding="UTF-8"?>
<!-- Generated by org.testng.reporters.JUnitReportReporter -->
<testsuite skipped="0" hostname="Tyss-4F-Prasanna" name="com.sample.Sample" tests="1" failures="0" timestamp="30 Sep 2018 08:44:58 GMT" time="29.711" errors="0">
  <testcase name="test" time="29.711" classname="com.sample.Sample"/>
</testsuite> <!-- com.sample.Sample -->
