<?xml version="1.0" encoding="UTF-8"?>
<!-- Generated by org.testng.reporters.JUnitReportReporter -->
<testsuite skipped="0" hostname="Tyss-4F-Prasanna" name="com.sample.VNCTest" tests="1" failures="0" timestamp="08 Oct 2018 08:14:23 GMT" time="49.500" errors="0">
  <testcase name="test" time="49.500" classname="com.sample.VNCTest"/>
</testsuite> <!-- com.sample.VNCTest -->
