<?xml version="1.0" encoding="UTF-8"?>
<!-- Generated by org.testng.reporters.JUnitReportReporter -->
<testsuite skipped="0" hostname="b12a9d674eb2" name="com.sample.VNCTest" tests="1" failures="0" timestamp="09 Oct 2018 16:56:40 GMT" time="61.440" errors="0">
  <testcase name="test" time="61.440" classname="com.sample.VNCTest"/>
</testsuite> <!-- com.sample.VNCTest -->
